\BOOKMARK [1][-]{section.1}{1. Some subsets of the Euclidean Space}{}% 1
\BOOKMARK [1][-]{section.2}{2. Maps between Rn and Rm.}{}% 2
\BOOKMARK [1][-]{section.3}{3. Limits and Continuity}{}% 3
\BOOKMARK [1][-]{section.4}{4. Derivatives}{}% 4
\BOOKMARK [1][-]{section.5}{5. Differential Geometry of Curves}{}% 5
\BOOKMARK [2][-]{subsection.5.1}{5.1. Curves in R3}{section.5}% 6
\BOOKMARK [2][-]{subsection.5.2}{5.2. Examples.}{section.5}% 7
\BOOKMARK [2][-]{subsection.5.3}{5.3. The Local theory of Curves}{section.5}% 8
\BOOKMARK [2][-]{subsection.5.4}{5.4. Global Theory of Curves}{section.5}% 9
\BOOKMARK [2][-]{subsection.5.5}{5.5. The Isoperimetric Inequality}{section.5}% 10
\BOOKMARK [1][-]{section.6}{6. The Isoperimetric Inequality in Rn.}{}% 11
\BOOKMARK [2][-]{subsection.6.1}{6.1. Moving planes}{section.6}% 12
\BOOKMARK [2][-]{subsection.6.2}{6.2. Partial Differential Equations: a Neumann Problem}{section.6}% 13
\BOOKMARK [2][-]{subsection.6.3}{6.3. Proof of the Isoperimetric Inequality}{section.6}% 14
\BOOKMARK [2][-]{subsection.6.4}{6.4. Proof of the equality case}{section.6}% 15
\BOOKMARK [2][-]{subsection.6.5}{6.5. Conclusion.}{section.6}% 16
\BOOKMARK [1][-]{section.7}{7. Mechanics}{}% 17
\BOOKMARK [2][-]{subsection.7.1}{7.1. Kepler's laws of planetary motion.}{section.7}% 18
\BOOKMARK [1][-]{section.8}{8. Surfaces in R3}{}% 19
\BOOKMARK [1][-]{section.9}{9. The Inverse Function Theorem.}{}% 20
\BOOKMARK [1][-]{section.10}{10. The Implicit function theorem}{}% 21
\BOOKMARK [1][-]{section.11}{11. Multiple Integration: surface areas, volumes.}{}% 22
\BOOKMARK [1][-]{section.12}{12. Gradient, Divergence and Curl. Stokes\220 Theorem, the Flux of a Vector Field}{}% 23
\BOOKMARK [1][-]{section.13}{13. Tensors and their properties. Differential forms.}{}% 24
\BOOKMARK [2][-]{subsection.13.1}{13.1. Multilinear maps}{section.13}% 25
\BOOKMARK [2][-]{subsection.13.2}{13.2. Differentiable Forms}{section.13}% 26
